Config: /Users/0cean25/Documents/GitHub/DexCap/so101_train/bc_rnn_so101.json
Device: cpu  |  epochs=2000  batch=16  lr=1e-05
ROBOMIMIC WARNING(
    No private macro file found!
    It is recommended to use a private macro file
    To setup, run: python /Users/0cean25/miniconda3/envs/lerobot/lib/python3.12/site-packages/robomimic/scripts/setup_macros.py
)

============= New Training Run with Config =============
{
    "algo_name": "bc",
    "experiment": {
        "name": "bc_rnn_so101",
        "validate": false,
        "logging": {
            "terminal_output_to_txt": true,
            "log_tb": true,
            "log_wandb": false,
            "wandb_proj_name": "debug"
        },
        "save": {
            "enabled": true,
            "every_n_seconds": null,
            "every_n_epochs": 50,
            "epochs": [],
            "on_best_validation": false,
            "on_best_rollout_return": false,
            "on_best_rollout_success_rate": false
        },
        "epoch_every_n_steps": 100,
        "validation_epoch_every_n_steps": 10,
        "env": null,
        "additional_envs": null,
        "render": false,
        "render_video": false,
        "keep_all_videos": false,
        "video_skip": 5,
        "rollout": {
            "enabled": false,
            "n": 10,
            "horizon": 600,
            "rate": 50,
            "warmstart": 0,
            "terminate_on_success": true
        }
    },
    "train": {
        "data": "/Users/0cean25/Documents/GitHub/DexCap/so101_train/dataset.hdf5",
        "output_dir": "/Users/0cean25/Documents/GitHub/DexCap/so101_train/trained_models",
        "num_data_workers": 2,
        "hdf5_cache_mode": "all",
        "hdf5_use_swmr": true,
        "hdf5_load_next_obs": false,
        "hdf5_normalize_obs": false,
        "hdf5_filter_key": null,
        "hdf5_validation_filter_key": null,
        "seq_length": 10,
        "pad_seq_length": true,
        "frame_stack": 1,
        "pad_frame_stack": true,
        "dataset_keys": [
            "actions",
            "rewards",
            "dones"
        ],
        "goal_mode": null,
        "cuda": false,
        "batch_size": 16,
        "num_epochs": 2000,
        "seed": 42
    },
    "algo": {
        "optim_params": {
            "policy": {
                "optimizer_type": "adam",
                "learning_rate": {
                    "initial": 1e-05,
                    "decay_factor": 0.1,
                    "epoch_schedule": [],
                    "scheduler_type": "multistep"
                },
                "regularization": {
                    "L2": 0.0
                }
            }
        },
        "loss": {
            "l2_weight": 1.0,
            "l1_weight": 0.0,
            "cos_weight": 0.0
        },
        "actor_layer_dims": [],
        "gaussian": {
            "enabled": false,
            "fixed_std": false,
            "init_std": 0.1,
            "min_std": 0.01,
            "std_activation": "softplus",
            "low_noise_eval": true
        },
        "gmm": {
            "enabled": false,
            "num_modes": 5,
            "min_std": 0.0001,
            "std_activation": "softplus",
            "low_noise_eval": true
        },
        "vae": {
            "enabled": false,
            "latent_dim": 14,
            "latent_clip": null,
            "kl_weight": 1.0,
            "decoder": {
                "is_conditioned": true,
                "reconstruction_sum_across_elements": false
            },
            "prior": {
                "learn": false,
                "is_conditioned": false,
                "use_gmm": false,
                "gmm_num_modes": 10,
                "gmm_learn_weights": false,
                "use_categorical": false,
                "categorical_dim": 10,
                "categorical_gumbel_softmax_hard": false,
                "categorical_init_temp": 1.0,
                "categorical_temp_anneal_step": 0.001,
                "categorical_min_temp": 0.3
            },
            "encoder_layer_dims": [
                300,
                400
            ],
            "decoder_layer_dims": [
                300,
                400
            ],
            "prior_layer_dims": [
                300,
                400
            ]
        },
        "rnn": {
            "enabled": true,
            "horizon": 10,
            "hidden_dim": 1000,
            "rnn_type": "LSTM",
            "num_layers": 2,
            "open_loop": false,
            "kwargs": {
                "bidirectional": false
            }
        },
        "transformer": {
            "enabled": false,
            "context_length": 10,
            "embed_dim": 512,
            "num_layers": 6,
            "num_heads": 8,
            "emb_dropout": 0.1,
            "attn_dropout": 0.1,
            "block_output_dropout": 0.1,
            "sinusoidal_embedding": false,
            "activation": "gelu",
            "supervise_all_steps": false,
            "nn_parameter_for_timesteps": true
        }
    },
    "observation": {
        "modalities": {
            "obs": {
                "low_dim": [
                    "robot0_eef_pos",
                    "robot0_eef_quat",
                    "robot1_eef_pos",
                    "robot1_eef_quat"
                ],
                "rgb": [
                    "agentview_image"
                ],
                "depth": [],
                "scan": []
            },
            "goal": {
                "low_dim": [],
                "rgb": [],
                "depth": [],
                "scan": []
            }
        },
        "encoder": {
            "low_dim": {
                "core_class": null,
                "core_kwargs": {},
                "obs_randomizer_class": null,
                "obs_randomizer_kwargs": {}
            },
            "rgb": {
                "core_class": "VisualCore",
                "core_kwargs": {
                    "feature_dimension": 64,
                    "backbone_class": "ResNet18Conv",
                    "backbone_kwargs": {
                        "pretrained": false,
                        "input_coord_conv": false
                    },
                    "pool_class": "SpatialSoftmax",
                    "pool_kwargs": {
                        "num_kp": 32,
                        "learnable_temperature": false,
                        "temperature": 1.0,
                        "noise_std": 0.0
                    }
                },
                "obs_randomizer_class": null,
                "obs_randomizer_kwargs": {}
            },
            "depth": {
                "core_class": "VisualCore",
                "core_kwargs": {},
                "obs_randomizer_class": null,
                "obs_randomizer_kwargs": {}
            },
            "scan": {
                "core_class": "ScanCore",
                "core_kwargs": {},
                "obs_randomizer_class": null,
                "obs_randomizer_kwargs": {}
            }
        }
    },
    "meta": {
        "hp_base_config_file": null,
        "hp_keys": [],
        "hp_values": []
    }
}

REMOVING
STDOUT will be forked to /Users/0cean25/Documents/GitHub/DexCap/so101_train/trained_models/bc_rnn_so101/20260429142109/logs/log.txt

============= Initialized Observation Utils with Obs Spec =============

using obs modality: low_dim with keys: ['robot0_eef_quat', 'robot1_eef_quat', 'robot0_eef_pos', 'robot1_eef_pos']
using obs modality: rgb with keys: ['agentview_image']
using obs modality: depth with keys: []
using obs modality: scan with keys: []

============= Loaded Environment Metadata =============
obs key agentview_image with shape (240, 320, 3)
obs key robot0_eef_pos with shape (3,)
obs key robot0_eef_quat with shape (4,)
obs key robot1_eef_pos with shape (3,)
obs key robot1_eef_quat with shape (4,)

/Users/0cean25/miniconda3/envs/lerobot/lib/python3.12/site-packages/torchvision/models/_utils.py:208: UserWarning: The parameter 'pretrained' is deprecated since 0.13 and may be removed in the future, please use 'weights' instead.
  warnings.warn(
/Users/0cean25/miniconda3/envs/lerobot/lib/python3.12/site-packages/torchvision/models/_utils.py:223: UserWarning: Arguments other than a weight enum or `None` for 'weights' are deprecated since 0.13 and may be removed in the future. The current behavior is equivalent to passing `weights=None`.
  warnings.warn(msg)
Exception ignored in: <function SequenceDataset.__del__ at 0x1070d8a40>
Traceback (most recent call last):
  File "/Users/0cean25/miniconda3/envs/lerobot/lib/python3.12/site-packages/robomimic/utils/dataset.py", line 238, in __del__
    self.close_and_delete_hdf5_handle()
  File "/Users/0cean25/miniconda3/envs/lerobot/lib/python3.12/site-packages/robomimic/utils/dataset.py", line 222, in close_and_delete_hdf5_handle
    if self._hdf5_file is not None:
       ^^^^^^^^^^^^^^^
AttributeError: 'SequenceDataset' object has no attribute '_hdf5_file'
Traceback (most recent call last):
  File "<string>", line 1, in <module>
  File "/Users/0cean25/miniconda3/envs/lerobot/lib/python3.12/multiprocessing/spawn.py", line 122, in spawn_main
    exitcode = _main(fd, parent_sentinel)
               ^^^^^^^^^^^^^^^^^^^^^^^^^^
  File "/Users/0cean25/miniconda3/envs/lerobot/lib/python3.12/multiprocessing/spawn.py", line 132, in _main
    self = reduction.pickle.load(from_parent)
           ^^^^^^^^^^^^^^^^^^^^^^^^^^^^^^^^^^
_pickle.UnpicklingError: pickle data was truncated
/Users/0cean25/miniconda3/envs/lerobot/lib/python3.12/multiprocessing/resource_tracker.py:279: UserWarning: resource_tracker: There appear to be 15 leaked semaphore objects to clean up at shutdown
  warnings.warn('resource_tracker: There appear to be %d '
